[INFO] Scanning for projects...
[INFO] 
[INFO] -------------------< com.zhangsihan:Carbonfootprint >-------------------
[INFO] Building Carbonfootprint 0.0.1-SNAPSHOT
[INFO]   from pom.xml
[INFO] --------------------------------[ jar ]---------------------------------
[INFO] 
[INFO] >>> spring-boot:3.5.13:run (default-cli) > test-compile @ Carbonfootprint >>>
[INFO] 
[INFO] --- resources:3.3.1:resources (default-resources) @ Carbonfootprint ---
[INFO] Copying 4 resources from src\main\resources to target\classes
[INFO] Copying 10 resources from src\main\resources to target\classes
[INFO] 
[INFO] --- compiler:3.14.1:compile (default-compile) @ Carbonfootprint ---
[INFO] Nothing to compile - all classes are up to date.
[INFO] 
[INFO] --- resources:3.3.1:testResources (default-testResources) @ Carbonfootprint ---
[INFO] Copying 1 resource from src\test\resources to target\test-classes
[INFO] 
[INFO] --- compiler:3.14.1:testCompile (default-testCompile) @ Carbonfootprint ---
[INFO] Nothing to compile - all classes are up to date.
[INFO] 
[INFO] <<< spring-boot:3.5.13:run (default-cli) < test-compile @ Carbonfootprint <<<
[INFO] 
[INFO] 
[INFO] --- spring-boot:3.5.13:run (default-cli) @ Carbonfootprint ---
[INFO] Attaching agents: []

  .   ____          _            __ _ _
 /\\ / ___'_ __ _ _(_)_ __  __ _ \ \ \ \
( ( )\___ | '_ | '_| | '_ \/ _` | \ \ \ \
 \\/  ___)| |_)| | | | | || (_| |  ) ) ) )
  '  |____| .__|_| |_|_| |_\__, | / / / /
 =========|_|==============|___/=/_/_/_/

 :: Spring Boot ::               (v3.5.13)

2026-04-06T21:09:45.829+08:00  INFO 37840 --- [Carbonfootprint] [           main] c.z.c.CarbonfootprintApplication         : Starting CarbonfootprintApplication using Java 17.0.18 with PID 37840 (E:\JAVAproject\Carbonfootprint\target\classes started by zsh in E:\JAVAproject\Carbonfootprint)
2026-04-06T21:09:45.831+08:00  INFO 37840 --- [Carbonfootprint] [           main] c.z.c.CarbonfootprintApplication         : The following 1 profile is active: "dev"
2026-04-06T21:09:46.575+08:00  INFO 37840 --- [Carbonfootprint] [           main] o.s.b.w.embedded.tomcat.TomcatWebServer  : Tomcat initialized with port 8080 (http)
2026-04-06T21:09:46.587+08:00  INFO 37840 --- [Carbonfootprint] [           main] o.apache.catalina.core.StandardService   : Starting service [Tomcat]
2026-04-06T21:09:46.587+08:00  INFO 37840 --- [Carbonfootprint] [           main] o.apache.catalina.core.StandardEngine    : Starting Servlet engine: [Apache Tomcat/10.1.53]
2026-04-06T21:09:46.639+08:00  INFO 37840 --- [Carbonfootprint] [           main] o.a.c.c.C.[Tomcat].[localhost].[/]       : Initializing Spring embedded WebApplicationContext
2026-04-06T21:09:46.640+08:00  INFO 37840 --- [Carbonfootprint] [           main] w.s.c.ServletWebServerApplicationContext : Root WebApplicationContext: initialization completed in 777 ms
2026-04-06T21:09:47.023+08:00  INFO 37840 --- [Carbonfootprint] [           main] r$InitializeUserDetailsManagerConfigurer : Global AuthenticationManager configured with UserDetailsService bean with name customUserDetailsService
2026-04-06T21:09:47.309+08:00  INFO 37840 --- [Carbonfootprint] [           main] o.s.b.w.embedded.tomcat.TomcatWebServer  : Tomcat started on port 8080 (http) with context path '/'
2026-04-06T21:09:47.315+08:00  INFO 37840 --- [Carbonfootprint] [           main] c.z.c.CarbonfootprintApplication         : Started CarbonfootprintApplication in 1.776 seconds (process running for 2.008)
2026-04-06T21:10:00.025+08:00  INFO 37840 --- [Carbonfootprint] [nio-8080-exec-1] o.a.c.c.C.[Tomcat].[localhost].[/]       : Initializing Spring DispatcherServlet 'dispatcherServlet'
2026-04-06T21:10:00.026+08:00  INFO 37840 --- [Carbonfootprint] [nio-8080-exec-1] o.s.web.servlet.DispatcherServlet        : Initializing Servlet 'dispatcherServlet'
2026-04-06T21:10:00.027+08:00  INFO 37840 --- [Carbonfootprint] [nio-8080-exec-1] o.s.web.servlet.DispatcherServlet        : Completed initialization in 1 ms
[INFO] ------------------------------------------------------------------------
[INFO] BUILD FAILURE
[INFO] ------------------------------------------------------------------------
[INFO] Total time:  43.882 s
[INFO] Finished at: 2026-04-06T21:10:27+08:00
[INFO] ------------------------------------------------------------------------
[ERROR] Failed to execute goal org.springframework.boot:spring-boot-maven-plugin:3.5.13:run (default-cli) on project Carbonfootprint: Process terminated with exit code: -1 -> [Help 1]
[ERROR] 
[ERROR] To see the full stack trace of the errors, re-run Maven with the -e switch.
[ERROR] Re-run Maven using the -X switch to enable full debug logging.
[ERROR] 
[ERROR] For more information about the errors and possible solutions, please read the following articles:
[ERROR] [Help 1] http://cwiki.apache.org/confluence/display/MAVEN/MojoExecutionException
